<?xml version="1.0" encoding="UTF-8"?>
<!-- Generated by org.testng.reporters.JUnitReportReporter -->
<testsuite hostname="TESTING" failures="0" tests="1" name="com.ZerodahTest.TC02ShareAddToWatchlist" time="30.230" errors="0" timestamp="2022-10-09T15:25:56 IST" skipped="0">
  <testcase classname="com.ZerodahTest.TC02ShareAddToWatchlist" name="shareAddToWatchlist" time="30.230"/>
  <system-out/>
</testsuite> <!-- com.ZerodahTest.TC02ShareAddToWatchlist -->
