<?xml version="1.0" encoding="UTF-8"?>
<!-- Generated by org.testng.reporters.JUnitReportReporter -->
<testsuite hostname="TESTING" failures="0" tests="1" name="com.ZerodahTest.TC03LogoutFunctionality" time="30.121" errors="0" timestamp="2022-10-09T15:25:56 IST" skipped="0">
  <testcase classname="com.ZerodahTest.TC03LogoutFunctionality" name="LogoutFunctionality" time="30.121"/>
  <system-out/>
</testsuite> <!-- com.ZerodahTest.TC03LogoutFunctionality -->
