<?xml version="1.0" encoding="UTF-8"?>
<!-- Generated by org.testng.reporters.JUnitReportReporter -->
<testsuite hostname="TESTING" failures="0" tests="1" name="com.ZerodahTest.TC01LoginFunctionality" time="28.517" errors="0" timestamp="2022-10-09T15:25:56 IST" skipped="0">
  <testcase classname="com.ZerodahTest.TC01LoginFunctionality" name="verifyLoginFunctionality" time="28.517"/>
  <system-out/>
</testsuite> <!-- com.ZerodahTest.TC01LoginFunctionality -->
